<?xml version="1.0" encoding="UTF-8"?>
<!-- Generated by org.testng.reporters.JUnitXMLReporter -->
<testsuite ignored="0" hostname="SL-2250" failures="0" tests="3" name="Windows firefox Latest Demo App" time="32.152" errors="0" timestamp="2024-10-03T08:19:18 PDT">
  <testcase classname="io.cucumber.testng.AbstractTestNGCucumberTests" name="runScenario" time="15.164"/>
  <testcase classname="io.cucumber.testng.AbstractTestNGCucumberTests" name="runScenario" time="16.64"/>
  <testcase classname="io.cucumber.testng.AbstractTestNGCucumberTests" name="runScenario" time="15.381"/>
</testsuite> <!-- Windows firefox Latest Demo App -->
