<?xml version="1.0" encoding="UTF-8"?>
<testsuite xmlns:xsi="http://www.w3.org/2001/XMLSchema-instance" xsi:noNamespaceSchemaLocation="https://maven.apache.org/surefire/maven-surefire-plugin/xsd/surefire-test-report-3.0.xsd" version="3.0" name="TestSuite" time="63.791" tests="12" errors="0" skipped="0" failures="0">
  <properties>
[...]
</properties>
  <testcase name="runScenario" classname="com.saucelabs.RunCucumberBasicTest" time="7.696"/>
  <testcase name="runScenario" classname="com.saucelabs.RunCucumberBasicTest" time="4.836"/>
  <testcase name="runScenario" classname="com.saucelabs.RunCucumberBasicTest" time="0.612"/>
  <testcase name="runScenario" classname="com.saucelabs.RunCucumberBasicTest" time="12.675"/>
  <testcase name="runScenario" classname="com.saucelabs.RunCucumberLoginTest" time="10.328"/>
  <testcase name="runScenario" classname="com.saucelabs.RunCucumberLoginTest" time="6.312"/>
  <testcase name="runScenario" classname="com.saucelabs.RunCucumberLoginTest" time="4.911"/>
  <testcase name="runScenario" classname="com.saucelabs.RunCucumberLoginTest" time="15.381"/>
  <testcase name="runScenario" classname="com.saucelabs.RunCucumberLoginTest" time="18.719"/>
  <testcase name="runScenario" classname="com.saucelabs.RunCucumberLoginTest" time="1.399"/>
  <testcase name="runScenario" classname="com.saucelabs.RunCucumberLoginTest" time="26.416"/>
  <testcase name="runScenario" classname="com.saucelabs.RunCucumberLoginTest" time="26.652"/>
</testsuite>